<?xml version="1.0" encoding="UTF-8"?>
<testng-results skipped="0" failed="0" ignored="0" total="1" passed="1">
  <reporter-output>
  </reporter-output>
  <suite name="Default suite" duration-ms="7880" started-at="2021-03-19T08:13:13Z" finished-at="2021-03-19T08:13:21Z">
    <groups>
    </groups>
    <test name="Default test" duration-ms="7880" started-at="2021-03-19T08:13:13Z" finished-at="2021-03-19T08:13:21Z">
      <class name="com.Google.Utility">
        <test-method status="PASS" signature="Screenshot()[pri:0, instance:com.Google.Utility@5419f379]" name="Screenshot" duration-ms="7865" started-at="2021-03-19T08:13:13Z" finished-at="2021-03-19T08:13:21Z">
          <reporter-output>
          </reporter-output>
        </test-method> <!-- Screenshot -->
      </class> <!-- com.Google.Utility -->
    </test> <!-- Default test -->
  </suite> <!-- Default suite -->
</testng-results>
