<?xml version="1.0" encoding="UTF-8"?>
<testng-results skipped="0" failed="0" ignored="0" total="1" passed="1">
  <reporter-output>
  </reporter-output>
  <suite name="Default suite" duration-ms="12376" started-at="2021-07-08T06:52:01Z" finished-at="2021-07-08T06:52:13Z">
    <groups>
    </groups>
    <test name="Default test" duration-ms="12376" started-at="2021-07-08T06:52:01Z" finished-at="2021-07-08T06:52:13Z">
      <class name="com.Google.TestNgBasic">
        <test-method status="PASS" signature="BrowseAmazon()[pri:0, instance:com.Google.TestNgBasic@457e2f02]" name="BrowseAmazon" is-config="true" duration-ms="8180" started-at="2021-07-08T06:52:01Z" finished-at="2021-07-08T06:52:09Z">
          <reporter-output>
          </reporter-output>
        </test-method> <!-- BrowseAmazon -->
        <test-method status="PASS" signature="CheckAmazonLogoTest()[pri:1, instance:com.Google.TestNgBasic@457e2f02]" name="CheckAmazonLogoTest" duration-ms="4026" started-at="2021-07-08T06:52:09Z" finished-at="2021-07-08T06:52:13Z">
          <reporter-output>
          </reporter-output>
        </test-method> <!-- CheckAmazonLogoTest -->
        <test-method status="PASS" signature="QuitBrowser()[pri:0, instance:com.Google.TestNgBasic@457e2f02]" name="QuitBrowser" is-config="true" duration-ms="153" started-at="2021-07-08T06:52:13Z" finished-at="2021-07-08T06:52:13Z">
          <reporter-output>
          </reporter-output>
        </test-method> <!-- QuitBrowser -->
      </class> <!-- com.Google.TestNgBasic -->
    </test> <!-- Default test -->
  </suite> <!-- Default suite -->
</testng-results>
