<?xml version="1.0" encoding="UTF-8"?>
<testng-results skipped="0" failed="0" ignored="0" total="1" passed="1">
  <reporter-output>
  </reporter-output>
  <suite name="Default suite" duration-ms="13858" started-at="2019-08-24T17:55:01Z" finished-at="2019-08-24T17:55:15Z">
    <groups>
      <group name="cucumber">
        <method signature="AbstractTestNGCucumberTests.feature(cucumber.api.testng.CucumberFeatureWrapper)[pri:0, instance:com.testrunner.TestRunner@604ed9f0]" name="feature" class="cucumber.api.testng.AbstractTestNGCucumberTests"/>
      </group> <!-- cucumber -->
    </groups>
    <test name="Default test" duration-ms="13858" started-at="2019-08-24T17:55:01Z" finished-at="2019-08-24T17:55:15Z">
      <class name="com.testrunner.TestRunner">
        <test-method status="PASS" signature="setUpClass()[pri:0, instance:com.testrunner.TestRunner@604ed9f0]" name="setUpClass" is-config="true" duration-ms="161" started-at="2019-08-24T17:55:01Z" finished-at="2019-08-24T17:55:01Z">
          <reporter-output>
          </reporter-output>
        </test-method> <!-- setUpClass -->
        <test-method status="PASS" signature="feature(cucumber.api.testng.CucumberFeatureWrapper)[pri:0, instance:com.testrunner.TestRunner@604ed9f0]" name="feature" duration-ms="13564" started-at="2019-08-24T17:55:01Z" description="Runs Cucumber Feature" data-provider="features" finished-at="2019-08-24T17:55:15Z">
          <params>
            <param index="0">
              <value>
                <![CDATA[Launching funcionality test for ebay]]>
              </value>
            </param>
          </params>
          <reporter-output>
          </reporter-output>
        </test-method> <!-- feature -->
        <test-method status="PASS" signature="tearDownClass()[pri:0, instance:com.testrunner.TestRunner@604ed9f0]" name="tearDownClass" is-config="true" duration-ms="47" started-at="2019-08-24T17:55:15Z" finished-at="2019-08-24T17:55:15Z">
          <reporter-output>
          </reporter-output>
        </test-method> <!-- tearDownClass -->
      </class> <!-- com.testrunner.TestRunner -->
    </test> <!-- Default test -->
  </suite> <!-- Default suite -->
</testng-results>
