<?xml version="1.0" encoding="UTF-8"?>
<testng-results skipped="0" failed="0" ignored="0" total="1" passed="1">
  <reporter-output>
  </reporter-output>
  <suite name="Default suite" duration-ms="7419" started-at="2019-08-26T22:56:00Z" finished-at="2019-08-26T22:56:07Z">
    <groups>
      <group name="cucumber">
        <method signature="AbstractTestNGCucumberTests.feature(cucumber.api.testng.CucumberFeatureWrapper)[pri:0, instance:com.testrunner.Testrunner@26be92ad]" name="feature" class="cucumber.api.testng.AbstractTestNGCucumberTests"/>
      </group> <!-- cucumber -->
    </groups>
    <test name="Default test" duration-ms="7419" started-at="2019-08-26T22:56:00Z" finished-at="2019-08-26T22:56:07Z">
      <class name="com.testrunner.Testrunner">
        <test-method status="PASS" signature="setUpClass()[pri:0, instance:com.testrunner.Testrunner@26be92ad]" name="setUpClass" is-config="true" duration-ms="118" started-at="2019-08-26T18:56:00Z" finished-at="2019-08-26T18:56:00Z">
          <reporter-output>
          </reporter-output>
        </test-method> <!-- setUpClass -->
        <test-method status="PASS" signature="feature(cucumber.api.testng.CucumberFeatureWrapper)[pri:0, instance:com.testrunner.Testrunner@26be92ad]" name="feature" duration-ms="7241" started-at="2019-08-26T18:56:00Z" description="Runs Cucumber Feature" data-provider="features" finished-at="2019-08-26T18:56:07Z">
          <params>
            <param index="0">
              <value>
                <![CDATA[Facebook log in functionality test]]>
              </value>
            </param>
          </params>
          <reporter-output>
          </reporter-output>
        </test-method> <!-- feature -->
        <test-method status="PASS" signature="tearDownClass()[pri:0, instance:com.testrunner.Testrunner@26be92ad]" name="tearDownClass" is-config="true" duration-ms="1" started-at="2019-08-26T18:56:07Z" finished-at="2019-08-26T18:56:07Z">
          <reporter-output>
          </reporter-output>
        </test-method> <!-- tearDownClass -->
      </class> <!-- com.testrunner.Testrunner -->
    </test> <!-- Default test -->
  </suite> <!-- Default suite -->
</testng-results>
