<?xml version="1.0" encoding="UTF-8"?>
<testng-results ignored="0" total="0" passed="0" failed="0" skipped="0">
  <reporter-output>
  </reporter-output>
  <suite started-at="2021-04-01T20:57:34Z" name="com.LinkeDin.OnlineProfile.AppTest" finished-at="2021-04-01T20:57:34Z" duration-ms="3">
    <groups>
    </groups>
    <test started-at="2021-04-01T20:57:34Z" name="Command line test" finished-at="2021-04-01T20:57:34Z" duration-ms="3">
    </test> <!-- Command line test -->
  </suite> <!-- com.LinkeDin.OnlineProfile.AppTest -->
</testng-results>
