<?xml version="1.0" encoding="UTF-8"?>
<testng-results skipped="0" failed="0" ignored="0" total="1" passed="1">
  <reporter-output>
  </reporter-output>
  <suite name="Default suite" duration-ms="253" started-at="2019-08-04T20:54:42Z" finished-at="2019-08-04T20:54:42Z">
    <groups>
      <group name="cucumber">
        <method signature="AbstractTestNGCucumberTests.feature(cucumber.api.testng.CucumberFeatureWrapper)[pri:0, instance:com.steps.SisghningStep@5c3bd550]" name="feature" class="cucumber.api.testng.AbstractTestNGCucumberTests"/>
      </group> <!-- cucumber -->
    </groups>
    <test name="Default test" duration-ms="253" started-at="2019-08-04T20:54:42Z" finished-at="2019-08-04T20:54:42Z">
      <class name="com.steps.SisghningStep">
        <test-method status="PASS" signature="setUpClass()[pri:0, instance:com.steps.SisghningStep@5c3bd550]" name="setUpClass" is-config="true" duration-ms="151" started-at="2019-08-04T20:54:42Z" finished-at="2019-08-04T20:54:42Z">
          <reporter-output>
          </reporter-output>
        </test-method> <!-- setUpClass -->
        <test-method status="PASS" signature="feature(cucumber.api.testng.CucumberFeatureWrapper)[pri:0, instance:com.steps.SisghningStep@5c3bd550]" name="feature" duration-ms="7" started-at="2019-08-04T20:54:42Z" description="Runs Cucumber Feature" data-provider="features" finished-at="2019-08-04T20:54:42Z">
          <params>
            <param index="0">
              <value>
                <![CDATA[Amazon log in]]>
              </value>
            </param>
          </params>
          <reporter-output>
          </reporter-output>
        </test-method> <!-- feature -->
        <test-method status="PASS" signature="tearDownClass()[pri:0, instance:com.steps.SisghningStep@5c3bd550]" name="tearDownClass" is-config="true" duration-ms="20" started-at="2019-08-04T20:54:42Z" finished-at="2019-08-04T20:54:42Z">
          <reporter-output>
          </reporter-output>
        </test-method> <!-- tearDownClass -->
      </class> <!-- com.steps.SisghningStep -->
    </test> <!-- Default test -->
  </suite> <!-- Default suite -->
</testng-results>
