<?xml version="1.0" encoding="UTF-8"?>
<testng-results skipped="0" failed="0" ignored="0" total="1" passed="1">
  <reporter-output>
  </reporter-output>
  <suite name="Default suite" duration-ms="13574" started-at="2019-10-06T04:54:16Z" finished-at="2019-10-06T04:54:30Z">
    <groups>
      <group name="cucumber">
        <method signature="AbstractTestNGCucumberTests.feature(cucumber.api.testng.CucumberFeatureWrapper)[pri:0, instance:com.testrunner.Testrunner@604ed9f0]" name="feature" class="cucumber.api.testng.AbstractTestNGCucumberTests"/>
      </group> <!-- cucumber -->
    </groups>
    <test name="Default test" duration-ms="13574" started-at="2019-10-06T04:54:16Z" finished-at="2019-10-06T04:54:30Z">
      <class name="com.testrunner.Testrunner">
        <test-method status="PASS" signature="setUpClass()[pri:0, instance:com.testrunner.Testrunner@604ed9f0]" name="setUpClass" is-config="true" duration-ms="114" started-at="2019-10-06T04:54:16Z" finished-at="2019-10-06T04:54:16Z">
          <reporter-output>
          </reporter-output>
        </test-method> <!-- setUpClass -->
        <test-method status="PASS" signature="feature(cucumber.api.testng.CucumberFeatureWrapper)[pri:0, instance:com.testrunner.Testrunner@604ed9f0]" name="feature" duration-ms="13401" started-at="2019-10-06T04:54:16Z" description="Runs Cucumber Feature" data-provider="features" finished-at="2019-10-06T04:54:30Z">
          <params>
            <param index="0">
              <value>
                <![CDATA[Search funcionality test on ebay]]>
              </value>
            </param>
          </params>
          <reporter-output>
          </reporter-output>
        </test-method> <!-- feature -->
        <test-method status="PASS" signature="tearDownClass()[pri:0, instance:com.testrunner.Testrunner@604ed9f0]" name="tearDownClass" is-config="true" duration-ms="4" started-at="2019-10-06T04:54:30Z" finished-at="2019-10-06T04:54:30Z">
          <reporter-output>
          </reporter-output>
        </test-method> <!-- tearDownClass -->
      </class> <!-- com.testrunner.Testrunner -->
    </test> <!-- Default test -->
  </suite> <!-- Default suite -->
</testng-results>
